wandb: Downloading large artifact model-6ihhbwsi:best, 1165.97MB. 1 files... 
wandb:   1 of 1 files downloaded.  
Done. 0:0:18.9
/home/scur0404/.local/lib/python3.10/site-packages/transformers/models/vit/feature_extraction_vit.py:28: FutureWarning: The class ViTFeatureExtractor is deprecated and will be removed in version 5 of Transformers. Please use ViTImageProcessor instead.
  warnings.warn(
GPU available: True (cuda), used: True
TPU available: False, using: 0 TPU cores
IPU available: False, using: 0 IPUs
HPU available: False, using: 0 HPUs
/home/scur0404/.local/lib/python3.10/site-packages/pytorch_lightning/trainer/connectors/logger_connector/logger_connector.py:67: UserWarning: Starting from v1.9.0, `tensorboardX` has been removed as a dependency of the `pytorch_lightning` package, due to potential conflicts with other packages in the ML ecosystem. For this reason, `logger=True` will use `CSVLogger` as the default logger, unless the `tensorboard` or `tensorboardX` packages are found. Please `pip install lightning[extra]` or one of them to enable TensorBoard support by default
  warning_cache.warn(
You are using a CUDA device ('NVIDIA A100-SXM4-40GB') that has Tensor Cores. To properly utilize them, you should set `torch.set_float32_matmul_precision('medium' | 'high')` which will trade-off precision for performance. For more details, read https://pytorch.org/docs/stable/generated/torch.set_float32_matmul_precision.html#torch.set_float32_matmul_precision
LOCAL_RANK: 0 - CUDA_VISIBLE_DEVICES: [0]
SLURM auto-requeueing enabled. Setting signal handlers.
Testing: 0it [00:00, ?it/s]Testing:   0%|          | 0/13 [00:00<?, ?it/s]Testing DataLoader 0:   0%|          | 0/13 [00:00<?, ?it/s]Testing DataLoader 0:   8%|▊         | 1/13 [00:02<00:32,  2.71s/it]Testing DataLoader 0:  15%|█▌        | 2/13 [00:02<00:16,  1.46s/it]Testing DataLoader 0:  23%|██▎       | 3/13 [00:03<00:10,  1.04s/it]Testing DataLoader 0:  31%|███       | 4/13 [00:03<00:07,  1.20it/s]Testing DataLoader 0:  38%|███▊      | 5/13 [00:03<00:05,  1.41it/s]Testing DataLoader 0:  46%|████▌     | 6/13 [00:03<00:04,  1.60it/s]Testing DataLoader 0:  54%|█████▍    | 7/13 [00:03<00:03,  1.76it/s]Testing DataLoader 0:  62%|██████▏   | 8/13 [00:04<00:02,  1.91it/s]Testing DataLoader 0:  69%|██████▉   | 9/13 [00:04<00:01,  2.05it/s]Testing DataLoader 0:  77%|███████▋  | 10/13 [00:04<00:01,  2.17it/s]Testing DataLoader 0:  85%|████████▍ | 11/13 [00:04<00:00,  2.29it/s]Testing DataLoader 0:  92%|█████████▏| 12/13 [00:05<00:00,  2.39it/s]Testing DataLoader 0: 100%|██████████| 13/13 [00:05<00:00,  2.53it/s]Testing DataLoader 0: 100%|██████████| 13/13 [00:05<00:00,  2.53it/s]
┏━━━━━━━━━━━━━━━━━━━━━━━━━━━┳━━━━━━━━━━━━━━━━━━━━━━━━━━━┓
┃        Test metric        ┃       DataLoader 0        ┃
┡━━━━━━━━━━━━━━━━━━━━━━━━━━━╇━━━━━━━━━━━━━━━━━━━━━━━━━━━┩
│         test/acc          │    0.7524999976158142     │
│          test/f1          │    0.7103123664855957     │
│         test/loss         │    0.4580247402191162     │
│      test/precision       │    0.8587400317192078     │
│        test/recall        │    0.6170588135719299     │
└───────────────────────────┴───────────────────────────┘
[{'test/loss': 0.4580247402191162, 'test/acc': 0.7524999976158142, 'test/f1': 0.7103123664855957, 'test/precision': 0.8587400317192078, 'test/recall': 0.6170588135719299}]

JOB STATISTICS
==============
Job ID: 4258174
Cluster: snellius
User/Group: scur0404/scur0404
State: COMPLETED (exit code 0)
Nodes: 1
Cores per node: 18
CPU Utilized: 00:00:34
CPU Efficiency: 3.50% of 00:16:12 core-walltime
Job Wall-clock time: 00:00:54
Memory Utilized: 1.88 GB
Memory Efficiency: 6.02% of 31.25 GB
