Using device: cuda:0

#######################################################################
Please cite the following paper when using nnU-Net:
Isensee, F., Jaeger, P. F., Kohl, S. A., Petersen, J., & Maier-Hein, K. H. (2021). nnU-Net: a self-configuring method for deep learning-based biomedical image segmentation. Nature methods, 18(2), 203-211.
#######################################################################


This is the configuration used by this training:
Configuration name: 2d
 {'data_identifier': 'nnUNetPlans_2d', 'preprocessor_name': 'DefaultPreprocessor', 'batch_size': 49, 'patch_size': [256, 256], 'median_image_size_in_voxels': [256.0, 256.0], 'spacing': [1.0, 1.0], 'normalization_schemes': ['ZScoreNormalization'], 'use_mask_for_norm': [False], 'UNet_class_name': 'PlainConvUNet', 'UNet_base_num_features': 32, 'n_conv_per_stage_encoder': [2, 2, 2, 2, 2, 2, 2], 'n_conv_per_stage_decoder': [2, 2, 2, 2, 2, 2], 'num_pool_per_axis': [6, 6], 'pool_op_kernel_sizes': [[1, 1], [2, 2], [2, 2], [2, 2], [2, 2], [2, 2], [2, 2]], 'conv_kernel_sizes': [[3, 3], [3, 3], [3, 3], [3, 3], [3, 3], [3, 3], [3, 3]], 'unet_max_num_features': 512, 'resampling_fn_data': 'resample_data_or_seg_to_shape', 'resampling_fn_seg': 'resample_data_or_seg_to_shape', 'resampling_fn_data_kwargs': {'is_seg': False, 'order': 3, 'order_z': 0, 'force_separate_z': None}, 'resampling_fn_seg_kwargs': {'is_seg': True, 'order': 1, 'order_z': 0, 'force_separate_z': None}, 'resampling_fn_probabilities': 'resample_data_or_seg_to_shape', 'resampling_fn_probabilities_kwargs': {'is_seg': False, 'order': 1, 'order_z': 0, 'force_separate_z': None}, 'batch_dice': True} 

These are the global plan.json settings:
 {'dataset_name': 'Dataset011_Melanoma', 'plans_name': 'nnUNetPlans', 'original_median_spacing_after_transp': [1.0, 1.0, 1.0], 'original_median_shape_after_transp': [3, 256, 256], 'image_reader_writer': 'SimpleITKIO', 'transpose_forward': [0, 1, 2], 'transpose_backward': [0, 1, 2], 'experiment_planner_used': 'ExperimentPlanner', 'label_manager': 'LabelManager', 'foreground_intensity_properties_per_channel': {'0': {'max': 255.0, 'mean': 155.04945373535156, 'median': 158.0, 'min': 0.0, 'percentile_00_5': 10.0, 'percentile_99_5': 253.0, 'std': 47.13301086425781}}} 

2023-10-19 16:12:44.516997: unpacking dataset...
2023-10-19 16:12:48.431340: unpacking done...
2023-10-19 16:12:48.431881: do_dummy_2d_data_aug: False
2023-10-19 16:12:48.442086: Using splits from existing split file: /home/scur0404/projects/MelanomaDetectionAndSegmentation/nnUNet_preprocessed/Dataset011_Melanoma/splits_final.json
2023-10-19 16:12:48.444457: The split file contains 5 splits.
2023-10-19 16:12:48.444556: Desired fold for training: 0
2023-10-19 16:12:48.444611: This split has 1331 training and 333 validation cases.
2023-10-19 16:12:48.501956: Unable to plot network architecture:
2023-10-19 16:12:48.502039: No module named 'IPython'
2023-10-19 16:12:48.531064: 
2023-10-19 16:12:48.531161: Epoch 0
2023-10-19 16:12:48.531283: Current learning rate: 0.01
using pin_memory on device 0
slurmstepd: error: *** JOB 4216137 ON gcn29 CANCELLED AT 2023-10-19T21:12:37 DUE TO TIME LIMIT ***
slurmstepd: error: container_p_join: open failed for /slurm/4216137/.ns: No such file or directory
slurmstepd: error: container_g_join(4216137): No such file or directory

JOB STATISTICS
==============
Job ID: 4216137
Cluster: snellius
User/Group: scur0404/scur0404
State: TIMEOUT (exit code 0)
Nodes: 1
Cores per node: 18
CPU Utilized: 00:00:00
CPU Efficiency: 0.00% of 3-18:03:00 core-walltime
Job Wall-clock time: 05:00:10
Memory Utilized: 9.10 GB
Memory Efficiency: 29.10% of 31.25 GB
